c:\users\roman\source\repos\lab6\x64\debug\vc143.pdb
c:\users\roman\source\repos\lab6\x64\debug\vc143.idb
c:\users\roman\source\repos\lab6\x64\debug\hash_table.obj
c:\users\roman\source\repos\lab6\x64\debug\lab6.obj
c:\users\roman\source\repos\lab6\x64\debug\hashtable.obj
c:\users\roman\source\repos\lab6\x64\debug\lab6.pdb
c:\users\roman\source\repos\lab6\x64\debug\lab6.tlog\cl.command.1.tlog
c:\users\roman\source\repos\lab6\x64\debug\lab6.tlog\cl.read.1.tlog
c:\users\roman\source\repos\lab6\x64\debug\lab6.tlog\cl.write.1.tlog
c:\users\roman\source\repos\lab6\x64\debug\lab6.tlog\link-cvtres.read.1.tlog
c:\users\roman\source\repos\lab6\x64\debug\lab6.tlog\link-cvtres.write.1.tlog
c:\users\roman\source\repos\lab6\x64\debug\lab6.tlog\link-rc.read.1.tlog
c:\users\roman\source\repos\lab6\x64\debug\lab6.tlog\link-rc.write.1.tlog
c:\users\roman\source\repos\lab6\x64\debug\lab6.tlog\link.23240-cvtres.read.1.tlog
c:\users\roman\source\repos\lab6\x64\debug\lab6.tlog\link.23240-cvtres.write.1.tlog
c:\users\roman\source\repos\lab6\x64\debug\lab6.tlog\link.23240-rc.read.1.tlog
c:\users\roman\source\repos\lab6\x64\debug\lab6.tlog\link.23240-rc.write.1.tlog
c:\users\roman\source\repos\lab6\x64\debug\lab6.tlog\link.23240.read.1.tlog
c:\users\roman\source\repos\lab6\x64\debug\lab6.tlog\link.23240.read.3.tlog
c:\users\roman\source\repos\lab6\x64\debug\lab6.tlog\link.23240.write.1.tlog
c:\users\roman\source\repos\lab6\x64\debug\lab6.tlog\link.command.1.tlog
c:\users\roman\source\repos\lab6\x64\debug\lab6.tlog\link.read.1.tlog
c:\users\roman\source\repos\lab6\x64\debug\lab6.tlog\link.read.2.tlog
c:\users\roman\source\repos\lab6\x64\debug\lab6.tlog\link.read.3.tlog
c:\users\roman\source\repos\lab6\x64\debug\lab6.tlog\link.write.1.tlog
